<?xml version="1.0" encoding="UTF-8"?>
<!-- Generated by org.testng.reporters.JUnitReportReporter -->
<testsuite hostname="hp" name="com.thomas.domain.testcases.VerifyTopNavlnks" tests="1" failures="0" timestamp="26 Jan 2016 01:20:39 GMT" time="104.114" errors="0">
  <testcase name="VerifyTopNavlnks_Advice" time="104.114" classname="com.thomas.domain.testcases.VerifyTopNavlnks"/>
</testsuite> <!-- com.thomas.domain.testcases.VerifyTopNavlnks -->
