<?xml version="1.0" encoding="UTF-8"?>
<!-- Generated by org.testng.reporters.JUnitReportReporter -->
<testsuite hostname="hp" name="com.thomas.domain.testcases.VerifyTopNavlnks" tests="13" failures="0" timestamp="24 Jan 2016 21:13:17 GMT" time="231.830" errors="0">
  <testcase name="VerifyTopNavlnks_Share" time="10.577" classname="com.thomas.domain.testcases.VerifyTopNavlnks"/>
  <testcase name="VerifyTopNavlnks_NewHomes" time="19.662" classname="com.thomas.domain.testcases.VerifyTopNavlnks"/>
  <testcase name="VerifyTopNavlnks_Placeanad" time="10.503" classname="com.thomas.domain.testcases.VerifyTopNavlnks"/>
  <testcase name="VerifyTopNavlnks_Suburbprofiles" time="10.621" classname="com.thomas.domain.testcases.VerifyTopNavlnks"/>
  <testcase name="VerifyTopNavlnks_Advice" time="22.727" classname="com.thomas.domain.testcases.VerifyTopNavlnks"/>
  <testcase name="VerifyTopNavlnks_Agents" time="25.508" classname="com.thomas.domain.testcases.VerifyTopNavlnks"/>
  <testcase name="VerifyTopNavlnks_Rent" time="20.965" classname="com.thomas.domain.testcases.VerifyTopNavlnks"/>
  <testcase name="VerifyTopNavlnks_Buy" time="25.111" classname="com.thomas.domain.testcases.VerifyTopNavlnks"/>
  <testcase name="VerifyTopNavlnks_Sold" time="18.930" classname="com.thomas.domain.testcases.VerifyTopNavlnks"/>
  <testcase name="VerifyTopNavlnks_Homepriceguide" time="10.723" classname="com.thomas.domain.testcases.VerifyTopNavlnks"/>
  <testcase name="VerifyTopNavlnks_HomeLoans" time="11.346" classname="com.thomas.domain.testcases.VerifyTopNavlnks"/>
  <testcase name="VerifyTopNavlnks_News" time="22.202" classname="com.thomas.domain.testcases.VerifyTopNavlnks"/>
  <testcase name="VerifyTopNavlnks_Commercial" time="22.955" classname="com.thomas.domain.testcases.VerifyTopNavlnks"/>
</testsuite> <!-- com.thomas.domain.testcases.VerifyTopNavlnks -->
